2025-05-08 13:53:21,012 - chatbot - INFO - Initializing chatbot module
2025-05-08 13:53:21,013 - chatbot - INFO - Successfully loaded memory from file
2025-05-08 13:53:21,014 - chatbot - INFO - Successfully loaded bot name: Wicked
2025-05-08 13:53:38,909 - chatbot - INFO - Initializing chatbot module
2025-05-08 13:53:38,910 - chatbot - INFO - Successfully loaded memory from file
2025-05-08 13:53:38,910 - chatbot - INFO - Successfully loaded bot name: Wicked
2025-05-08 14:00:28,964 - chatbot - INFO - Initializing chatbot module
2025-05-08 14:00:28,965 - chatbot - INFO - Successfully loaded memory from file
2025-05-08 14:00:28,965 - chatbot - INFO - Successfully loaded bot name: Wicked
2025-05-08 14:05:31,441 - chatbot - INFO - Initializing chatbot module
2025-05-08 14:05:31,442 - chatbot - INFO - Successfully loaded memory from file
2025-05-08 14:05:31,443 - chatbot - INFO - Successfully loaded bot name: Wicked
2025-05-08 14:14:30,867 - chatbot - INFO - Initializing chatbot module
2025-05-08 14:14:30,868 - chatbot - INFO - Successfully loaded memory from file
2025-05-08 14:14:30,869 - chatbot - INFO - Successfully loaded bot name: Wicked
2025-05-08 14:48:00,356 - chatbot - INFO - Initializing chatbot module
2025-05-08 14:48:00,357 - chatbot - INFO - Successfully loaded memory from file
2025-05-08 14:48:00,358 - chatbot - INFO - Successfully loaded bot name: Wicked
2025-05-08 14:48:04,137 - chatbot - ERROR - Error processing pattern match: name 'custom_response_selector' is not defined
2025-05-08 14:48:06,493 - chatbot - ERROR - Error processing pattern match: name 'custom_response_selector' is not defined
2025-05-08 14:48:08,653 - chatbot - ERROR - Error processing pattern match: name 'custom_response_selector' is not defined
2025-05-08 14:50:07,908 - chatbot - INFO - Initializing chatbot module
2025-05-08 14:50:07,909 - chatbot - INFO - Successfully loaded memory from file
2025-05-08 14:50:07,910 - chatbot - INFO - Successfully loaded bot name: Wicked
2025-05-08 15:16:11,509 - chatbot - INFO - Initializing chatbot module
2025-05-08 15:16:11,510 - chatbot - INFO - Successfully loaded memory from file
2025-05-08 15:16:11,510 - chatbot - INFO - Successfully loaded bot name: Wicked
2025-05-09 10:00:33,136 - chatbot - INFO - Initializing chatbot module
2025-05-09 10:00:33,138 - chatbot - INFO - Successfully loaded memory from file
2025-05-09 10:00:33,140 - chatbot - INFO - Successfully loaded bot name: Wicked
2025-05-09 10:00:33,198 - werkzeug - INFO -  * Restarting with stat
2025-05-09 10:00:34,650 - chatbot - INFO - Initializing chatbot module
2025-05-09 10:00:34,651 - chatbot - INFO - Successfully loaded memory from file
2025-05-09 10:00:34,652 - chatbot - INFO - Successfully loaded bot name: Wicked
2025-05-09 10:00:34,668 - werkzeug - WARNING -  * Debugger is active!
2025-05-09 10:00:34,678 - werkzeug - INFO -  * Debugger PIN: 554-865-809
2025-05-09 10:00:34,819 - werkzeug - INFO -  * Running on http://127.0.0.1:5000/ (Press CTRL+C to quit)
2025-05-09 10:00:44,858 - werkzeug - INFO - 127.0.0.1 - - [09/May/2025 10:00:44] "GET / HTTP/1.1" 200 -
2025-05-09 10:00:45,548 - werkzeug - INFO - 127.0.0.1 - - [09/May/2025 10:00:45] "[33mGET /favicon.ico HTTP/1.1[0m" 404 -
2025-05-09 10:00:52,575 - werkzeug - INFO - 127.0.0.1 - - [09/May/2025 10:00:52] "POST /chat HTTP/1.1" 200 -
2025-05-09 10:00:58,042 - werkzeug - INFO - 127.0.0.1 - - [09/May/2025 10:00:58] "POST /chat HTTP/1.1" 200 -
2025-05-09 10:01:04,059 - werkzeug - INFO - 127.0.0.1 - - [09/May/2025 10:01:04] "POST /chat HTTP/1.1" 200 -
2025-05-09 10:01:10,543 - werkzeug - INFO - 127.0.0.1 - - [09/May/2025 10:01:10] "POST /chat HTTP/1.1" 200 -
2025-05-09 10:01:15,153 - werkzeug - INFO - 127.0.0.1 - - [09/May/2025 10:01:15] "POST /chat HTTP/1.1" 200 -
2025-05-09 10:01:19,411 - werkzeug - INFO - 127.0.0.1 - - [09/May/2025 10:01:19] "POST /chat HTTP/1.1" 200 -
2025-05-09 10:01:23,255 - werkzeug - INFO - 127.0.0.1 - - [09/May/2025 10:01:23] "POST /chat HTTP/1.1" 200 -
2025-05-09 10:01:27,404 - werkzeug - INFO - 127.0.0.1 - - [09/May/2025 10:01:27] "POST /chat HTTP/1.1" 200 -
2025-05-09 10:01:31,724 - werkzeug - INFO - 127.0.0.1 - - [09/May/2025 10:01:31] "POST /chat HTTP/1.1" 200 -
2025-05-09 10:24:55,014 - werkzeug - INFO -  * Detected change in 'C:\\Users\\vrfr9\\chatbot_project\\app.py', reloading
2025-05-09 10:24:55,581 - werkzeug - INFO -  * Restarting with stat
2025-05-09 10:24:57,737 - chatbot - INFO - Initializing chatbot module
2025-05-09 10:24:57,739 - chatbot - INFO - Successfully loaded memory from file
2025-05-09 10:24:57,740 - chatbot - INFO - Successfully loaded bot name: Wicked
2025-05-09 10:24:57,742 - root - WARNING - Speech recognition libraries not installed. Voice features will be disabled.
2025-05-09 10:24:57,765 - werkzeug - WARNING -  * Debugger is active!
2025-05-09 10:24:57,778 - werkzeug - INFO -  * Debugger PIN: 554-865-809
2025-05-09 10:24:57,916 - werkzeug - INFO -  * Running on http://127.0.0.1:5000/ (Press CTRL+C to quit)
2025-05-09 10:26:03,545 - werkzeug - INFO -  * Detected change in 'C:\\Users\\vrfr9\\chatbot_project\\voice_demo.py', reloading
2025-05-09 10:26:03,737 - werkzeug - INFO -  * Restarting with stat
2025-05-09 10:26:05,504 - chatbot - INFO - Initializing chatbot module
2025-05-09 10:26:05,505 - chatbot - INFO - Successfully loaded memory from file
2025-05-09 10:26:05,506 - chatbot - INFO - Successfully loaded bot name: Wicked
2025-05-09 10:26:05,507 - root - WARNING - Speech recognition libraries not installed. Voice features will be disabled.
2025-05-09 10:26:05,528 - werkzeug - WARNING -  * Debugger is active!
2025-05-09 10:26:05,539 - werkzeug - INFO -  * Debugger PIN: 554-865-809
2025-05-09 10:26:05,682 - werkzeug - INFO -  * Running on http://127.0.0.1:5000/ (Press CTRL+C to quit)
2025-05-09 10:28:12,555 - werkzeug - INFO - 127.0.0.1 - - [09/May/2025 10:28:12] "GET / HTTP/1.1" 200 -
2025-05-09 10:28:39,846 - werkzeug - INFO - 127.0.0.1 - - [09/May/2025 10:28:39] "POST /chat HTTP/1.1" 200 -
2025-05-09 10:28:46,785 - werkzeug - INFO - 127.0.0.1 - - [09/May/2025 10:28:46] "POST /chat HTTP/1.1" 200 -
2025-05-09 10:28:58,189 - werkzeug - INFO - 127.0.0.1 - - [09/May/2025 10:28:58] "POST /chat HTTP/1.1" 200 -
2025-05-09 10:38:36,025 - werkzeug - INFO -  * Detected change in 'C:\\Users\\vrfr9\\chatbot_project\\app.py', reloading
2025-05-09 10:38:36,289 - werkzeug - INFO -  * Restarting with stat
2025-05-09 10:38:38,407 - chatbot - INFO - Initializing chatbot module
2025-05-09 10:38:38,408 - chatbot - INFO - Successfully loaded memory from file
2025-05-09 10:38:38,409 - chatbot - INFO - Successfully loaded bot name: Wicked
2025-05-09 10:38:39,117 - __main__ - INFO - Voice libraries successfully imported. Server-side voice features enabled.
2025-05-09 10:38:39,406 - comtypes.client._code_cache - INFO - Could not import comtypes.gen, trying to create it.
2025-05-09 10:38:39,408 - comtypes.client._code_cache - INFO - Created comtypes.gen directory: 'C:\Users\vrfr9\chatbot_project\venv\Lib\site-packages\comtypes\gen'
2025-05-09 10:38:39,408 - comtypes.client._code_cache - INFO - Writing __init__.py file: 'C:\Users\vrfr9\chatbot_project\venv\Lib\site-packages\comtypes\gen\__init__.py'
2025-05-09 10:38:39,423 - comtypes.client._code_cache - INFO - Using writeable comtypes cache directory: 'C:\Users\vrfr9\chatbot_project\venv\Lib\site-packages\comtypes\gen'
2025-05-09 10:38:39,601 - comtypes.client._generate - INFO - Could not import comtypes.gen._C866CA3A_32F7_11D2_9602_00C04F8EE628_0_5_4: No module named 'comtypes.gen._C866CA3A_32F7_11D2_9602_00C04F8EE628_0_5_4'
2025-05-09 10:38:39,616 - comtypes.client._generate - INFO - # Generating comtypes.gen._C866CA3A_32F7_11D2_9602_00C04F8EE628_0_5_4
2025-05-09 10:38:39,741 - comtypes.client._generate - INFO - # Generating comtypes.gen.SpeechLib
2025-05-09 10:38:39,751 - comtypes.client._generate - INFO - Could not import comtypes.gen._00020430_0000_0000_C000_000000000046_0_2_0: No module named 'comtypes.gen._00020430_0000_0000_C000_000000000046_0_2_0'
2025-05-09 10:38:39,752 - comtypes.client._generate - INFO - # Generating comtypes.gen._00020430_0000_0000_C000_000000000046_0_2_0
2025-05-09 10:38:39,762 - comtypes.client._generate - INFO - # Generating comtypes.gen.stdole
2025-05-09 10:38:41,618 - __main__ - INFO - Voice engines initialized successfully
2025-05-09 10:38:41,647 - werkzeug - WARNING -  * Debugger is active!
2025-05-09 10:38:41,664 - werkzeug - INFO -  * Debugger PIN: 554-865-809
2025-05-09 10:38:41,971 - werkzeug - INFO -  * Running on http://127.0.0.1:5000/ (Press CTRL+C to quit)
2025-05-09 10:41:10,026 - werkzeug - INFO -  * Detected change in 'C:\\Users\\vrfr9\\chatbot_project\\voice_demo.py', reloading
2025-05-09 10:41:15,233 - werkzeug - INFO -  * Restarting with stat
2025-05-09 10:41:16,968 - chatbot - INFO - Initializing chatbot module
2025-05-09 10:41:16,969 - chatbot - INFO - Successfully loaded memory from file
2025-05-09 10:41:16,970 - chatbot - INFO - Successfully loaded bot name: Wicked
2025-05-09 10:41:17,023 - __main__ - INFO - Voice libraries successfully imported. Server-side voice features enabled.
2025-05-09 10:41:17,099 - comtypes.client._code_cache - INFO - Imported existing <module 'comtypes.gen' from 'C:\\Users\\vrfr9\\chatbot_project\\venv\\Lib\\site-packages\\comtypes\\gen\\__init__.py'>
2025-05-09 10:41:17,100 - comtypes.client._code_cache - INFO - Using writeable comtypes cache directory: 'C:\Users\vrfr9\chatbot_project\venv\Lib\site-packages\comtypes\gen'
2025-05-09 10:41:17,413 - __main__ - INFO - Voice engines initialized successfully
2025-05-09 10:41:17,427 - werkzeug - WARNING -  * Debugger is active!
2025-05-09 10:41:17,435 - werkzeug - INFO -  * Debugger PIN: 554-865-809
2025-05-09 10:41:17,586 - werkzeug - INFO -  * Running on http://127.0.0.1:5000/ (Press CTRL+C to quit)
2025-05-09 10:43:49,844 - werkzeug - INFO - 127.0.0.1 - - [09/May/2025 10:43:49] "GET / HTTP/1.1" 200 -
2025-05-09 10:44:02,389 - werkzeug - INFO - 127.0.0.1 - - [09/May/2025 10:44:02] "POST /chat HTTP/1.1" 200 -
2025-05-09 10:44:07,118 - werkzeug - INFO - 127.0.0.1 - - [09/May/2025 10:44:07] "POST /chat HTTP/1.1" 200 -
2025-05-09 10:44:13,868 - werkzeug - INFO - 127.0.0.1 - - [09/May/2025 10:44:13] "POST /chat HTTP/1.1" 200 -
2025-05-09 10:44:19,309 - werkzeug - INFO - 127.0.0.1 - - [09/May/2025 10:44:19] "POST /chat HTTP/1.1" 200 -
2025-05-09 11:58:45,022 - werkzeug - INFO -  * Detected change in 'C:\\Users\\vrfr9\\chatbot_project\\chatbot\\ml_engine.py', reloading
2025-05-09 11:58:45,892 - werkzeug - INFO -  * Restarting with stat
2025-05-09 11:58:48,099 - chatbot - INFO - Initializing chatbot module
2025-05-09 11:58:48,100 - chatbot - INFO - Successfully loaded memory from file
2025-05-09 11:58:48,102 - chatbot - INFO - Successfully loaded bot name: Wicked
2025-05-09 11:58:48,156 - __main__ - INFO - Voice libraries successfully imported. Server-side voice features enabled.
2025-05-09 11:58:48,263 - comtypes.client._code_cache - INFO - Imported existing <module 'comtypes.gen' from 'C:\\Users\\vrfr9\\chatbot_project\\venv\\Lib\\site-packages\\comtypes\\gen\\__init__.py'>
2025-05-09 11:58:48,264 - comtypes.client._code_cache - INFO - Using writeable comtypes cache directory: 'C:\Users\vrfr9\chatbot_project\venv\Lib\site-packages\comtypes\gen'
2025-05-09 11:58:48,699 - __main__ - INFO - Voice engines initialized successfully
2025-05-09 11:58:48,729 - werkzeug - WARNING -  * Debugger is active!
2025-05-09 11:58:48,754 - werkzeug - INFO -  * Debugger PIN: 554-865-809
2025-05-09 11:58:48,965 - werkzeug - INFO -  * Running on http://127.0.0.1:5000/ (Press CTRL+C to quit)
2025-05-09 11:59:47,159 - werkzeug - INFO -  * Detected change in 'C:\\Users\\vrfr9\\chatbot_project\\chatbot\\ml_engine.py', reloading
2025-05-09 11:59:52,420 - werkzeug - INFO -  * Restarting with stat
2025-05-09 11:59:54,300 - chatbot - INFO - Initializing chatbot module
2025-05-09 11:59:54,302 - chatbot - INFO - Successfully loaded memory from file
2025-05-09 11:59:54,303 - chatbot - INFO - Successfully loaded bot name: Wicked
2025-05-09 11:59:54,355 - __main__ - INFO - Voice libraries successfully imported. Server-side voice features enabled.
2025-05-09 11:59:54,468 - comtypes.client._code_cache - INFO - Imported existing <module 'comtypes.gen' from 'C:\\Users\\vrfr9\\chatbot_project\\venv\\Lib\\site-packages\\comtypes\\gen\\__init__.py'>
2025-05-09 11:59:54,469 - comtypes.client._code_cache - INFO - Using writeable comtypes cache directory: 'C:\Users\vrfr9\chatbot_project\venv\Lib\site-packages\comtypes\gen'
2025-05-09 11:59:54,996 - __main__ - INFO - Voice engines initialized successfully
2025-05-09 11:59:55,015 - werkzeug - WARNING -  * Debugger is active!
2025-05-09 11:59:55,026 - werkzeug - INFO -  * Debugger PIN: 554-865-809
2025-05-09 11:59:55,212 - werkzeug - INFO -  * Running on http://127.0.0.1:5000/ (Press CTRL+C to quit)
2025-05-09 12:02:28,094 - werkzeug - INFO -  * Detected change in 'C:\\Users\\vrfr9\\chatbot_project\\chatbot\\ml_engine.py', reloading
2025-05-09 12:02:33,351 - werkzeug - INFO -  * Restarting with stat
2025-05-09 12:03:20,531 - chatbot - INFO - Initializing chatbot module
2025-05-09 12:03:20,533 - chatbot - INFO - Successfully loaded memory from file
2025-05-09 12:03:20,534 - chatbot - INFO - Successfully loaded bot name: Wicked
2025-05-09 12:03:20,619 - __main__ - INFO - Voice libraries successfully imported. Server-side voice features enabled.
2025-05-09 12:03:20,809 - comtypes.client._code_cache - INFO - Imported existing <module 'comtypes.gen' from 'C:\\Users\\vrfr9\\chatbot_project\\venv\\Lib\\site-packages\\comtypes\\gen\\__init__.py'>
2025-05-09 12:03:20,811 - comtypes.client._code_cache - INFO - Using writeable comtypes cache directory: 'C:\Users\vrfr9\chatbot_project\venv\Lib\site-packages\comtypes\gen'
2025-05-09 12:03:21,509 - __main__ - INFO - Voice engines initialized successfully
2025-05-09 12:03:21,545 - werkzeug - WARNING -  * Debugger is active!
2025-05-09 12:03:21,567 - werkzeug - INFO -  * Debugger PIN: 554-865-809
2025-05-09 12:03:22,269 - werkzeug - INFO -  * Running on http://127.0.0.1:5000/ (Press CTRL+C to quit)
2025-05-09 12:03:26,999 - werkzeug - INFO -  * Detected change in 'C:\\Users\\vrfr9\\chatbot_project\\chatbot\\ml_engine.py', reloading
2025-05-09 12:03:32,413 - werkzeug - INFO -  * Restarting with stat
2025-05-09 12:03:35,436 - chatbot - INFO - Initializing chatbot module
2025-05-09 12:03:35,436 - chatbot - INFO - Successfully loaded memory from file
2025-05-09 12:03:35,437 - chatbot - INFO - Successfully loaded bot name: Wicked
2025-05-09 12:03:35,471 - __main__ - INFO - Voice libraries successfully imported. Server-side voice features enabled.
2025-05-09 12:03:35,533 - comtypes.client._code_cache - INFO - Imported existing <module 'comtypes.gen' from 'C:\\Users\\vrfr9\\chatbot_project\\venv\\Lib\\site-packages\\comtypes\\gen\\__init__.py'>
2025-05-09 12:03:35,533 - comtypes.client._code_cache - INFO - Using writeable comtypes cache directory: 'C:\Users\vrfr9\chatbot_project\venv\Lib\site-packages\comtypes\gen'
2025-05-09 12:03:35,819 - __main__ - INFO - Voice engines initialized successfully
2025-05-09 12:03:35,833 - werkzeug - WARNING -  * Debugger is active!
2025-05-09 12:03:35,841 - werkzeug - INFO -  * Debugger PIN: 554-865-809
2025-05-09 12:03:36,168 - werkzeug - INFO -  * Running on http://127.0.0.1:5000/ (Press CTRL+C to quit)
2025-05-09 12:04:00,981 - werkzeug - INFO -  * Detected change in 'C:\\Users\\vrfr9\\chatbot_project\\chatbot\\ml_engine.py', reloading
2025-05-09 12:04:06,361 - werkzeug - INFO -  * Restarting with stat
2025-05-09 12:04:09,629 - chatbot - INFO - Initializing chatbot module
2025-05-09 12:04:09,630 - chatbot - INFO - Successfully loaded memory from file
2025-05-09 12:04:09,631 - chatbot - INFO - Successfully loaded bot name: Wicked
2025-05-09 12:04:09,687 - __main__ - INFO - Voice libraries successfully imported. Server-side voice features enabled.
2025-05-09 12:04:09,797 - comtypes.client._code_cache - INFO - Imported existing <module 'comtypes.gen' from 'C:\\Users\\vrfr9\\chatbot_project\\venv\\Lib\\site-packages\\comtypes\\gen\\__init__.py'>
2025-05-09 12:04:09,798 - comtypes.client._code_cache - INFO - Using writeable comtypes cache directory: 'C:\Users\vrfr9\chatbot_project\venv\Lib\site-packages\comtypes\gen'
2025-05-09 12:04:10,220 - __main__ - INFO - Voice engines initialized successfully
2025-05-09 12:04:10,241 - werkzeug - WARNING -  * Debugger is active!
2025-05-09 12:04:10,253 - werkzeug - INFO -  * Debugger PIN: 554-865-809
2025-05-09 12:04:10,736 - werkzeug - INFO -  * Running on http://127.0.0.1:5000/ (Press CTRL+C to quit)
2025-05-09 12:46:05,140 - werkzeug - INFO -  * Detected change in 'C:\\Users\\vrfr9\\chatbot_project\\chatbot\\ml_integration.py', reloading
2025-05-09 12:46:06,871 - werkzeug - INFO -  * Restarting with stat
2025-05-09 12:46:11,654 - chatbot - INFO - Initializing chatbot module
2025-05-09 12:46:11,655 - chatbot - INFO - Successfully loaded memory from file
2025-05-09 12:46:11,657 - chatbot - INFO - Successfully loaded bot name: Wicked
2025-05-09 12:46:11,712 - __main__ - INFO - Voice libraries successfully imported. Server-side voice features enabled.
2025-05-09 12:46:11,809 - comtypes.client._code_cache - INFO - Imported existing <module 'comtypes.gen' from 'C:\\Users\\vrfr9\\chatbot_project\\venv\\Lib\\site-packages\\comtypes\\gen\\__init__.py'>
2025-05-09 12:46:11,810 - comtypes.client._code_cache - INFO - Using writeable comtypes cache directory: 'C:\Users\vrfr9\chatbot_project\venv\Lib\site-packages\comtypes\gen'
2025-05-09 12:46:12,158 - __main__ - INFO - Voice engines initialized successfully
2025-05-09 12:46:12,177 - werkzeug - WARNING -  * Debugger is active!
2025-05-09 12:46:12,187 - werkzeug - INFO -  * Debugger PIN: 554-865-809
2025-05-09 12:46:12,533 - werkzeug - INFO -  * Running on http://127.0.0.1:5000/ (Press CTRL+C to quit)
2025-05-09 12:46:20,571 - werkzeug - INFO -  * Detected change in 'C:\\Users\\vrfr9\\chatbot_project\\chatbot\\ml_integration.py', reloading
2025-05-09 12:46:25,903 - werkzeug - INFO -  * Restarting with stat
2025-05-09 12:46:28,622 - chatbot - INFO - Initializing chatbot module
2025-05-09 12:46:28,623 - chatbot - INFO - Successfully loaded memory from file
2025-05-09 12:46:28,624 - chatbot - INFO - Successfully loaded bot name: Wicked
2025-05-09 12:46:28,660 - __main__ - INFO - Voice libraries successfully imported. Server-side voice features enabled.
2025-05-09 12:46:28,723 - comtypes.client._code_cache - INFO - Imported existing <module 'comtypes.gen' from 'C:\\Users\\vrfr9\\chatbot_project\\venv\\Lib\\site-packages\\comtypes\\gen\\__init__.py'>
2025-05-09 12:46:28,724 - comtypes.client._code_cache - INFO - Using writeable comtypes cache directory: 'C:\Users\vrfr9\chatbot_project\venv\Lib\site-packages\comtypes\gen'
2025-05-09 12:46:29,001 - __main__ - INFO - Voice engines initialized successfully
2025-05-09 12:46:29,014 - werkzeug - WARNING -  * Debugger is active!
2025-05-09 12:46:29,023 - werkzeug - INFO -  * Debugger PIN: 554-865-809
2025-05-09 12:46:29,320 - werkzeug - INFO -  * Running on http://127.0.0.1:5000/ (Press CTRL+C to quit)
2025-05-09 12:51:05,876 - werkzeug - INFO -  * Detected change in 'C:\\Users\\vrfr9\\chatbot_project\\chatbot\\chatbot.py', reloading
2025-05-09 12:51:11,189 - werkzeug - INFO -  * Restarting with stat
2025-05-09 12:51:14,390 - chatbot - INFO - Initializing chatbot module
2025-05-09 12:51:14,391 - chatbot - INFO - Successfully loaded memory from file
2025-05-09 12:51:14,392 - chatbot - INFO - Successfully loaded bot name: Wicked
2025-05-09 12:51:14,428 - __main__ - INFO - Voice libraries successfully imported. Server-side voice features enabled.
2025-05-09 12:51:14,506 - comtypes.client._code_cache - INFO - Imported existing <module 'comtypes.gen' from 'C:\\Users\\vrfr9\\chatbot_project\\venv\\Lib\\site-packages\\comtypes\\gen\\__init__.py'>
2025-05-09 12:51:14,507 - comtypes.client._code_cache - INFO - Using writeable comtypes cache directory: 'C:\Users\vrfr9\chatbot_project\venv\Lib\site-packages\comtypes\gen'
2025-05-09 12:51:14,828 - __main__ - INFO - Voice engines initialized successfully
2025-05-09 12:51:14,842 - werkzeug - WARNING -  * Debugger is active!
2025-05-09 12:51:14,852 - werkzeug - INFO -  * Debugger PIN: 554-865-809
2025-05-09 12:51:15,190 - werkzeug - INFO -  * Running on http://127.0.0.1:5000/ (Press CTRL+C to quit)
2025-05-09 12:56:35,241 - chatbot.ml - INFO - Downloading required NLTK resources...
2025-05-09 12:56:35,825 - chatbot.ml - INFO - NLTK resources downloaded
2025-05-09 12:56:35,826 - chatbot.ml - INFO - No pre-trained model found. Use train() to create one.
2025-05-09 12:56:35,826 - chatbot.ml - WARNING - Model not trained yet
2025-05-09 12:56:35,827 - werkzeug - INFO - 127.0.0.1 - - [09/May/2025 12:56:35] "POST /chat HTTP/1.1" 200 -
2025-05-09 12:56:40,891 - chatbot - ERROR - Error using ML enhancement: 'list' object has no attribute 'find'
2025-05-09 12:56:40,896 - chatbot - INFO - Successfully saved bot name: Wicked
2025-05-09 12:56:40,899 - chatbot - INFO - Bot name changed to: Wicked
2025-05-09 12:56:40,900 - werkzeug - INFO - 127.0.0.1 - - [09/May/2025 12:56:40] "POST /chat HTTP/1.1" 200 -
2025-05-09 13:01:25,370 - werkzeug - INFO -  * Detected change in 'C:\\Users\\vrfr9\\chatbot_project\\train_ml_model.py', reloading
2025-05-09 13:01:25,948 - werkzeug - INFO -  * Restarting with stat
2025-05-09 13:01:29,914 - chatbot - INFO - Initializing chatbot module
2025-05-09 13:01:29,915 - chatbot - INFO - Successfully loaded memory from file
2025-05-09 13:01:29,916 - chatbot - INFO - Successfully loaded bot name: Wicked
2025-05-09 13:01:29,961 - __main__ - INFO - Voice libraries successfully imported. Server-side voice features enabled.
2025-05-09 13:01:30,053 - comtypes.client._code_cache - INFO - Imported existing <module 'comtypes.gen' from 'C:\\Users\\vrfr9\\chatbot_project\\venv\\Lib\\site-packages\\comtypes\\gen\\__init__.py'>
2025-05-09 13:01:30,053 - comtypes.client._code_cache - INFO - Using writeable comtypes cache directory: 'C:\Users\vrfr9\chatbot_project\venv\Lib\site-packages\comtypes\gen'
2025-05-09 13:01:30,443 - __main__ - INFO - Voice engines initialized successfully
2025-05-09 13:01:30,475 - werkzeug - WARNING -  * Debugger is active!
2025-05-09 13:01:30,488 - werkzeug - INFO -  * Debugger PIN: 554-865-809
2025-05-09 13:01:30,909 - werkzeug - INFO -  * Running on http://127.0.0.1:5000/ (Press CTRL+C to quit)
2025-05-09 13:10:05,147 - werkzeug - INFO -  * Detected change in 'C:\\Users\\vrfr9\\chatbot_project\\download_nltk_data.py', reloading
2025-05-09 13:10:05,745 - werkzeug - INFO -  * Restarting with stat
2025-05-09 13:10:10,480 - chatbot - INFO - Initializing chatbot module
2025-05-09 13:10:10,481 - chatbot - INFO - Successfully loaded memory from file
2025-05-09 13:10:10,482 - chatbot - INFO - Successfully loaded bot name: Wicked
2025-05-09 13:10:10,534 - __main__ - INFO - Voice libraries successfully imported. Server-side voice features enabled.
2025-05-09 13:10:10,624 - comtypes.client._code_cache - INFO - Imported existing <module 'comtypes.gen' from 'C:\\Users\\vrfr9\\chatbot_project\\venv\\Lib\\site-packages\\comtypes\\gen\\__init__.py'>
2025-05-09 13:10:10,625 - comtypes.client._code_cache - INFO - Using writeable comtypes cache directory: 'C:\Users\vrfr9\chatbot_project\venv\Lib\site-packages\comtypes\gen'
2025-05-09 13:10:10,985 - __main__ - INFO - Voice engines initialized successfully
2025-05-09 13:10:11,002 - werkzeug - WARNING -  * Debugger is active!
2025-05-09 13:10:11,013 - werkzeug - INFO -  * Debugger PIN: 554-865-809
2025-05-09 13:10:11,329 - werkzeug - INFO -  * Running on http://127.0.0.1:5000/ (Press CTRL+C to quit)
2025-05-09 13:10:44,631 - werkzeug - INFO -  * Detected change in 'C:\\Users\\vrfr9\\chatbot_project\\chatbot\\ml_engine.py', reloading
2025-05-09 13:10:49,993 - werkzeug - INFO -  * Restarting with stat
2025-05-09 13:10:52,942 - chatbot - INFO - Initializing chatbot module
2025-05-09 13:10:52,943 - chatbot - INFO - Successfully loaded memory from file
2025-05-09 13:10:52,944 - chatbot - INFO - Successfully loaded bot name: Wicked
2025-05-09 13:10:52,981 - __main__ - INFO - Voice libraries successfully imported. Server-side voice features enabled.
2025-05-09 13:10:53,054 - comtypes.client._code_cache - INFO - Imported existing <module 'comtypes.gen' from 'C:\\Users\\vrfr9\\chatbot_project\\venv\\Lib\\site-packages\\comtypes\\gen\\__init__.py'>
2025-05-09 13:10:53,054 - comtypes.client._code_cache - INFO - Using writeable comtypes cache directory: 'C:\Users\vrfr9\chatbot_project\venv\Lib\site-packages\comtypes\gen'
2025-05-09 13:10:53,363 - __main__ - INFO - Voice engines initialized successfully
2025-05-09 13:10:53,377 - werkzeug - WARNING -  * Debugger is active!
2025-05-09 13:10:53,386 - werkzeug - INFO -  * Debugger PIN: 554-865-809
2025-05-09 13:10:53,690 - werkzeug - INFO -  * Running on http://127.0.0.1:5000/ (Press CTRL+C to quit)
2025-05-09 13:11:13,193 - werkzeug - INFO -  * Detected change in 'C:\\Users\\vrfr9\\chatbot_project\\train_ml_model.py', reloading
2025-05-09 13:11:18,570 - werkzeug - INFO -  * Restarting with stat
2025-05-09 13:11:21,785 - chatbot - INFO - Initializing chatbot module
2025-05-09 13:11:21,786 - chatbot - INFO - Successfully loaded memory from file
2025-05-09 13:11:21,787 - chatbot - INFO - Successfully loaded bot name: Wicked
2025-05-09 13:11:21,826 - __main__ - INFO - Voice libraries successfully imported. Server-side voice features enabled.
2025-05-09 13:11:21,901 - comtypes.client._code_cache - INFO - Imported existing <module 'comtypes.gen' from 'C:\\Users\\vrfr9\\chatbot_project\\venv\\Lib\\site-packages\\comtypes\\gen\\__init__.py'>
2025-05-09 13:11:21,901 - comtypes.client._code_cache - INFO - Using writeable comtypes cache directory: 'C:\Users\vrfr9\chatbot_project\venv\Lib\site-packages\comtypes\gen'
2025-05-09 13:11:22,197 - __main__ - INFO - Voice engines initialized successfully
2025-05-09 13:11:22,211 - werkzeug - WARNING -  * Debugger is active!
2025-05-09 13:11:22,220 - werkzeug - INFO -  * Debugger PIN: 554-865-809
2025-05-09 13:11:22,541 - werkzeug - INFO -  * Running on http://127.0.0.1:5000/ (Press CTRL+C to quit)
2025-05-09 13:11:24,086 - werkzeug - INFO -  * Detected change in 'C:\\Users\\vrfr9\\chatbot_project\\chatbot\\ml_engine.py', reloading
2025-05-09 13:11:29,520 - werkzeug - INFO -  * Restarting with stat
2025-05-09 13:11:32,719 - chatbot - INFO - Initializing chatbot module
2025-05-09 13:11:32,719 - chatbot - INFO - Successfully loaded memory from file
2025-05-09 13:11:32,720 - chatbot - INFO - Successfully loaded bot name: Wicked
2025-05-09 13:11:32,755 - __main__ - INFO - Voice libraries successfully imported. Server-side voice features enabled.
2025-05-09 13:11:32,819 - comtypes.client._code_cache - INFO - Imported existing <module 'comtypes.gen' from 'C:\\Users\\vrfr9\\chatbot_project\\venv\\Lib\\site-packages\\comtypes\\gen\\__init__.py'>
2025-05-09 13:11:32,820 - comtypes.client._code_cache - INFO - Using writeable comtypes cache directory: 'C:\Users\vrfr9\chatbot_project\venv\Lib\site-packages\comtypes\gen'
2025-05-09 13:11:33,092 - __main__ - INFO - Voice engines initialized successfully
2025-05-09 13:11:33,105 - werkzeug - WARNING -  * Debugger is active!
2025-05-09 13:11:33,113 - werkzeug - INFO -  * Debugger PIN: 554-865-809
2025-05-09 13:11:33,406 - werkzeug - INFO -  * Running on http://127.0.0.1:5000/ (Press CTRL+C to quit)
2025-05-09 13:17:27,284 - werkzeug - INFO -  * Detected change in 'C:\\Users\\vrfr9\\chatbot_project\\download_nltk_data.py', reloading
2025-05-09 13:17:32,688 - werkzeug - INFO -  * Restarting with stat
2025-05-09 13:17:36,071 - chatbot - INFO - Initializing chatbot module
2025-05-09 13:17:36,071 - chatbot - INFO - Successfully loaded memory from file
2025-05-09 13:17:36,072 - chatbot - INFO - Successfully loaded bot name: Wicked
2025-05-09 13:17:36,108 - __main__ - INFO - Voice libraries successfully imported. Server-side voice features enabled.
2025-05-09 13:17:36,176 - comtypes.client._code_cache - INFO - Imported existing <module 'comtypes.gen' from 'C:\\Users\\vrfr9\\chatbot_project\\venv\\Lib\\site-packages\\comtypes\\gen\\__init__.py'>
2025-05-09 13:17:36,176 - comtypes.client._code_cache - INFO - Using writeable comtypes cache directory: 'C:\Users\vrfr9\chatbot_project\venv\Lib\site-packages\comtypes\gen'
2025-05-09 13:17:36,468 - __main__ - INFO - Voice engines initialized successfully
2025-05-09 13:17:36,482 - werkzeug - WARNING -  * Debugger is active!
2025-05-09 13:17:36,491 - werkzeug - INFO -  * Debugger PIN: 554-865-809
2025-05-09 13:17:36,833 - werkzeug - INFO -  * Running on http://127.0.0.1:5000/ (Press CTRL+C to quit)
2025-05-09 13:17:57,442 - werkzeug - INFO -  * Detected change in 'C:\\Users\\vrfr9\\chatbot_project\\chatbot\\ml_engine.py', reloading
2025-05-09 13:18:02,896 - werkzeug - INFO -  * Restarting with stat
2025-05-09 13:18:06,357 - chatbot - INFO - Initializing chatbot module
2025-05-09 13:18:06,359 - chatbot - INFO - Successfully loaded memory from file
2025-05-09 13:18:06,360 - chatbot - INFO - Successfully loaded bot name: Wicked
2025-05-09 13:18:06,411 - __main__ - INFO - Voice libraries successfully imported. Server-side voice features enabled.
2025-05-09 13:18:06,493 - comtypes.client._code_cache - INFO - Imported existing <module 'comtypes.gen' from 'C:\\Users\\vrfr9\\chatbot_project\\venv\\Lib\\site-packages\\comtypes\\gen\\__init__.py'>
2025-05-09 13:18:06,494 - comtypes.client._code_cache - INFO - Using writeable comtypes cache directory: 'C:\Users\vrfr9\chatbot_project\venv\Lib\site-packages\comtypes\gen'
2025-05-09 13:18:06,824 - __main__ - INFO - Voice engines initialized successfully
2025-05-09 13:18:06,839 - werkzeug - WARNING -  * Debugger is active!
2025-05-09 13:18:06,848 - werkzeug - INFO -  * Debugger PIN: 554-865-809
2025-05-09 13:18:07,188 - werkzeug - INFO -  * Running on http://127.0.0.1:5000/ (Press CTRL+C to quit)
2025-05-09 13:18:22,839 - werkzeug - INFO -  * Detected change in 'C:\\Users\\vrfr9\\chatbot_project\\train_ml_model.py', reloading
2025-05-09 13:18:28,327 - werkzeug - INFO -  * Restarting with stat
2025-05-09 13:18:31,646 - chatbot - INFO - Initializing chatbot module
2025-05-09 13:18:31,647 - chatbot - INFO - Successfully loaded memory from file
2025-05-09 13:18:31,648 - chatbot - INFO - Successfully loaded bot name: Wicked
2025-05-09 13:18:31,687 - __main__ - INFO - Voice libraries successfully imported. Server-side voice features enabled.
2025-05-09 13:18:31,763 - comtypes.client._code_cache - INFO - Imported existing <module 'comtypes.gen' from 'C:\\Users\\vrfr9\\chatbot_project\\venv\\Lib\\site-packages\\comtypes\\gen\\__init__.py'>
2025-05-09 13:18:31,764 - comtypes.client._code_cache - INFO - Using writeable comtypes cache directory: 'C:\Users\vrfr9\chatbot_project\venv\Lib\site-packages\comtypes\gen'
2025-05-09 13:18:32,050 - __main__ - INFO - Voice engines initialized successfully
2025-05-09 13:18:32,064 - werkzeug - WARNING -  * Debugger is active!
2025-05-09 13:18:32,072 - werkzeug - INFO -  * Debugger PIN: 554-865-809
2025-05-09 13:18:32,390 - werkzeug - INFO -  * Running on http://127.0.0.1:5000/ (Press CTRL+C to quit)
2025-05-09 13:41:13,110 - werkzeug - INFO -  * Detected change in 'C:\\Users\\vrfr9\\chatbot_project\\download_nltk_data.py', reloading
2025-05-09 13:41:14,010 - werkzeug - INFO -  * Restarting with stat
2025-05-09 13:41:18,165 - chatbot - INFO - Initializing chatbot module
2025-05-09 13:41:18,166 - chatbot - INFO - Successfully loaded memory from file
2025-05-09 13:41:18,167 - chatbot - INFO - Successfully loaded bot name: Wicked
2025-05-09 13:41:18,221 - __main__ - INFO - Voice libraries successfully imported. Server-side voice features enabled.
2025-05-09 13:41:18,317 - comtypes.client._code_cache - INFO - Imported existing <module 'comtypes.gen' from 'C:\\Users\\vrfr9\\chatbot_project\\venv\\Lib\\site-packages\\comtypes\\gen\\__init__.py'>
2025-05-09 13:41:18,318 - comtypes.client._code_cache - INFO - Using writeable comtypes cache directory: 'C:\Users\vrfr9\chatbot_project\venv\Lib\site-packages\comtypes\gen'
2025-05-09 13:41:18,635 - __main__ - INFO - Voice engines initialized successfully
2025-05-09 13:41:18,652 - werkzeug - WARNING -  * Debugger is active!
2025-05-09 13:41:18,662 - werkzeug - INFO -  * Debugger PIN: 554-865-809
2025-05-09 13:41:18,999 - werkzeug - INFO -  * Running on http://127.0.0.1:5000/ (Press CTRL+C to quit)
2025-05-09 13:41:27,535 - werkzeug - INFO -  * Detected change in 'C:\\Users\\vrfr9\\chatbot_project\\chatbot\\ml_engine.py', reloading
2025-05-09 13:41:32,999 - werkzeug - INFO -  * Restarting with stat
2025-05-09 13:41:35,811 - chatbot - INFO - Initializing chatbot module
2025-05-09 13:41:35,811 - chatbot - INFO - Successfully loaded memory from file
2025-05-09 13:41:35,812 - chatbot - INFO - Successfully loaded bot name: Wicked
2025-05-09 13:41:35,845 - __main__ - INFO - Voice libraries successfully imported. Server-side voice features enabled.
2025-05-09 13:41:35,906 - comtypes.client._code_cache - INFO - Imported existing <module 'comtypes.gen' from 'C:\\Users\\vrfr9\\chatbot_project\\venv\\Lib\\site-packages\\comtypes\\gen\\__init__.py'>
2025-05-09 13:41:35,907 - comtypes.client._code_cache - INFO - Using writeable comtypes cache directory: 'C:\Users\vrfr9\chatbot_project\venv\Lib\site-packages\comtypes\gen'
2025-05-09 13:41:36,196 - __main__ - INFO - Voice engines initialized successfully
2025-05-09 13:41:36,210 - werkzeug - WARNING -  * Debugger is active!
2025-05-09 13:41:36,218 - werkzeug - INFO -  * Debugger PIN: 554-865-809
2025-05-09 13:41:36,542 - werkzeug - INFO -  * Running on http://127.0.0.1:5000/ (Press CTRL+C to quit)
2025-05-09 13:41:50,292 - werkzeug - INFO -  * Detected change in 'C:\\Users\\vrfr9\\chatbot_project\\diagnose_nltk.py', reloading
2025-05-09 13:41:55,693 - werkzeug - INFO -  * Restarting with stat
2025-05-09 13:41:58,647 - chatbot - INFO - Initializing chatbot module
2025-05-09 13:41:58,648 - chatbot - INFO - Successfully loaded memory from file
2025-05-09 13:41:58,649 - chatbot - INFO - Successfully loaded bot name: Wicked
2025-05-09 13:41:58,692 - __main__ - INFO - Voice libraries successfully imported. Server-side voice features enabled.
2025-05-09 13:41:58,796 - comtypes.client._code_cache - INFO - Imported existing <module 'comtypes.gen' from 'C:\\Users\\vrfr9\\chatbot_project\\venv\\Lib\\site-packages\\comtypes\\gen\\__init__.py'>
2025-05-09 13:41:58,797 - comtypes.client._code_cache - INFO - Using writeable comtypes cache directory: 'C:\Users\vrfr9\chatbot_project\venv\Lib\site-packages\comtypes\gen'
2025-05-09 13:41:59,186 - __main__ - INFO - Voice engines initialized successfully
2025-05-09 13:41:59,203 - werkzeug - WARNING -  * Debugger is active!
2025-05-09 13:41:59,214 - werkzeug - INFO -  * Debugger PIN: 554-865-809
2025-05-09 13:41:59,654 - werkzeug - INFO -  * Running on http://127.0.0.1:5000/ (Press CTRL+C to quit)
2025-05-09 13:46:51,555 - werkzeug - INFO - 127.0.0.1 - - [09/May/2025 13:46:51] "GET / HTTP/1.1" 200 -
2025-05-09 13:46:54,808 - chatbot.ml - INFO - NLTK modules imported successfully
2025-05-09 13:46:54,811 - chatbot.ml - INFO - Model loaded from C:\Users\vrfr9\chatbot_project\chatbot\..\data\intent_model.pkl with 10 intent classes
2025-05-09 13:46:57,515 - werkzeug - INFO - 127.0.0.1 - - [09/May/2025 13:46:57] "POST /chat HTTP/1.1" 200 -
2025-05-09 13:46:59,801 - werkzeug - INFO - 127.0.0.1 - - [09/May/2025 13:46:59] "POST /chat HTTP/1.1" 200 -
2025-05-09 13:47:04,366 - werkzeug - INFO - 127.0.0.1 - - [09/May/2025 13:47:04] "POST /chat HTTP/1.1" 200 -
2025-05-09 13:47:08,105 - werkzeug - INFO - 127.0.0.1 - - [09/May/2025 13:47:08] "POST /chat HTTP/1.1" 200 -
2025-05-09 13:47:19,416 - werkzeug - INFO - 127.0.0.1 - - [09/May/2025 13:47:19] "POST /chat HTTP/1.1" 200 -
2025-05-09 13:47:28,135 - chatbot - ERROR - Error using ML enhancement: 'function' object has no attribute 'find'
2025-05-09 13:47:28,136 - werkzeug - INFO - 127.0.0.1 - - [09/May/2025 13:47:28] "POST /chat HTTP/1.1" 200 -
2025-05-09 13:51:28,151 - werkzeug - INFO -  * Detected change in 'C:\\Users\\vrfr9\\chatbot_project\\chatbot\\chatbot.py', reloading
2025-05-09 13:51:29,054 - werkzeug - INFO -  * Restarting with stat
2025-05-09 13:51:33,851 - chatbot - INFO - Initializing chatbot module
2025-05-09 13:51:33,853 - chatbot - INFO - Successfully loaded memory from file
2025-05-09 13:51:33,853 - chatbot - INFO - Successfully loaded bot name: Wicked
2025-05-09 13:51:33,902 - __main__ - INFO - Voice libraries successfully imported. Server-side voice features enabled.
2025-05-09 13:51:33,985 - comtypes.client._code_cache - INFO - Imported existing <module 'comtypes.gen' from 'C:\\Users\\vrfr9\\chatbot_project\\venv\\Lib\\site-packages\\comtypes\\gen\\__init__.py'>
2025-05-09 13:51:33,986 - comtypes.client._code_cache - INFO - Using writeable comtypes cache directory: 'C:\Users\vrfr9\chatbot_project\venv\Lib\site-packages\comtypes\gen'
2025-05-09 13:51:34,337 - __main__ - INFO - Voice engines initialized successfully
2025-05-09 13:51:34,353 - werkzeug - WARNING -  * Debugger is active!
2025-05-09 13:51:34,364 - werkzeug - INFO -  * Debugger PIN: 554-865-809
2025-05-09 13:51:34,681 - werkzeug - INFO -  * Running on http://127.0.0.1:5000/ (Press CTRL+C to quit)
2025-05-09 13:52:08,885 - werkzeug - INFO -  * Detected change in 'C:\\Users\\vrfr9\\chatbot_project\\chatbot\\chatbot.py', reloading
2025-05-09 13:52:14,264 - werkzeug - INFO -  * Restarting with stat
2025-05-09 13:52:18,008 - chatbot - INFO - Initializing chatbot module
2025-05-09 13:52:18,009 - chatbot - INFO - Successfully loaded memory from file
2025-05-09 13:52:18,011 - chatbot - INFO - Successfully loaded bot name: Wicked
2025-05-09 13:52:18,053 - __main__ - INFO - Voice libraries successfully imported. Server-side voice features enabled.
2025-05-09 13:52:18,130 - comtypes.client._code_cache - INFO - Imported existing <module 'comtypes.gen' from 'C:\\Users\\vrfr9\\chatbot_project\\venv\\Lib\\site-packages\\comtypes\\gen\\__init__.py'>
2025-05-09 13:52:18,131 - comtypes.client._code_cache - INFO - Using writeable comtypes cache directory: 'C:\Users\vrfr9\chatbot_project\venv\Lib\site-packages\comtypes\gen'
2025-05-09 13:52:18,462 - __main__ - INFO - Voice engines initialized successfully
2025-05-09 13:52:18,493 - werkzeug - WARNING -  * Debugger is active!
2025-05-09 13:52:18,510 - werkzeug - INFO -  * Debugger PIN: 554-865-809
2025-05-09 13:52:18,939 - werkzeug - INFO -  * Running on http://127.0.0.1:5000/ (Press CTRL+C to quit)
2025-05-09 13:52:38,117 - werkzeug - INFO -  * Detected change in 'C:\\Users\\vrfr9\\chatbot_project\\test_chatbot.py', reloading
2025-05-09 13:52:43,545 - werkzeug - INFO -  * Restarting with stat
2025-05-09 13:52:46,741 - chatbot - INFO - Initializing chatbot module
2025-05-09 13:52:46,742 - chatbot - INFO - Successfully loaded memory from file
2025-05-09 13:52:46,743 - chatbot - INFO - Successfully loaded bot name: Wicked
2025-05-09 13:52:46,781 - __main__ - INFO - Voice libraries successfully imported. Server-side voice features enabled.
2025-05-09 13:52:46,853 - comtypes.client._code_cache - INFO - Imported existing <module 'comtypes.gen' from 'C:\\Users\\vrfr9\\chatbot_project\\venv\\Lib\\site-packages\\comtypes\\gen\\__init__.py'>
2025-05-09 13:52:46,853 - comtypes.client._code_cache - INFO - Using writeable comtypes cache directory: 'C:\Users\vrfr9\chatbot_project\venv\Lib\site-packages\comtypes\gen'
2025-05-09 13:52:47,157 - __main__ - INFO - Voice engines initialized successfully
2025-05-09 13:52:47,171 - werkzeug - WARNING -  * Debugger is active!
2025-05-09 13:52:47,179 - werkzeug - INFO -  * Debugger PIN: 554-865-809
2025-05-09 13:52:47,483 - werkzeug - INFO -  * Running on http://127.0.0.1:5000/ (Press CTRL+C to quit)
2025-05-09 13:53:56,512 - werkzeug - INFO -  * Detected change in 'C:\\Users\\vrfr9\\chatbot_project\\test_chatbot.py', reloading
2025-05-09 13:54:01,942 - werkzeug - INFO -  * Restarting with stat
2025-05-09 13:54:04,771 - chatbot - INFO - Initializing chatbot module
2025-05-09 13:54:04,772 - chatbot - INFO - Successfully loaded memory from file
2025-05-09 13:54:04,773 - chatbot - INFO - Successfully loaded bot name: Wicked
2025-05-09 13:54:04,816 - __main__ - INFO - Voice libraries successfully imported. Server-side voice features enabled.
2025-05-09 13:54:04,890 - comtypes.client._code_cache - INFO - Imported existing <module 'comtypes.gen' from 'C:\\Users\\vrfr9\\chatbot_project\\venv\\Lib\\site-packages\\comtypes\\gen\\__init__.py'>
2025-05-09 13:54:04,891 - comtypes.client._code_cache - INFO - Using writeable comtypes cache directory: 'C:\Users\vrfr9\chatbot_project\venv\Lib\site-packages\comtypes\gen'
2025-05-09 13:54:05,157 - __main__ - INFO - Voice engines initialized successfully
2025-05-09 13:54:05,170 - werkzeug - WARNING -  * Debugger is active!
2025-05-09 13:54:05,178 - werkzeug - INFO -  * Debugger PIN: 554-865-809
2025-05-09 13:54:05,468 - werkzeug - INFO -  * Running on http://127.0.0.1:5000/ (Press CTRL+C to quit)
2025-05-09 13:54:35,549 - werkzeug - INFO - 127.0.0.1 - - [09/May/2025 13:54:35] "GET / HTTP/1.1" 200 -
2025-05-09 13:54:37,907 - chatbot.ml - INFO - NLTK modules imported successfully
2025-05-09 13:54:37,909 - chatbot.ml - INFO - Model loaded from C:\Users\vrfr9\chatbot_project\chatbot\..\data\intent_model.pkl with 10 intent classes
2025-05-09 13:54:40,172 - werkzeug - INFO - 127.0.0.1 - - [09/May/2025 13:54:40] "POST /chat HTTP/1.1" 200 -
2025-05-09 13:54:44,247 - werkzeug - INFO - 127.0.0.1 - - [09/May/2025 13:54:44] "POST /chat HTTP/1.1" 200 -
2025-05-09 13:54:47,460 - werkzeug - INFO - 127.0.0.1 - - [09/May/2025 13:54:47] "POST /chat HTTP/1.1" 200 -
2025-05-09 13:54:51,051 - werkzeug - INFO - 127.0.0.1 - - [09/May/2025 13:54:51] "POST /chat HTTP/1.1" 200 -
2025-05-09 13:54:58,314 - werkzeug - INFO - 127.0.0.1 - - [09/May/2025 13:54:58] "POST /chat HTTP/1.1" 200 -
2025-05-09 13:55:03,349 - werkzeug - INFO - 127.0.0.1 - - [09/May/2025 13:55:03] "POST /chat HTTP/1.1" 200 -
2025-05-09 14:54:46,295 - werkzeug - INFO - 127.0.0.1 - - [09/May/2025 14:54:46] "POST /chat HTTP/1.1" 200 -
2025-05-09 14:54:56,452 - werkzeug - INFO - 127.0.0.1 - - [09/May/2025 14:54:56] "POST /chat HTTP/1.1" 200 -
2025-05-09 14:55:56,915 - werkzeug - INFO - 127.0.0.1 - - [09/May/2025 14:55:56] "POST /chat HTTP/1.1" 200 -
2025-05-09 14:59:29,802 - werkzeug - INFO -  * Detected change in 'C:\\Users\\vrfr9\\chatbot_project\\chatbot\\ml_engine.py', reloading
2025-05-09 14:59:33,068 - werkzeug - INFO -  * Restarting with stat
2025-05-09 14:59:37,411 - chatbot - INFO - Initializing chatbot module
2025-05-09 14:59:37,412 - chatbot - INFO - Successfully loaded memory from file
2025-05-09 14:59:37,413 - chatbot - INFO - Successfully loaded bot name: Wicked
2025-05-09 14:59:37,465 - __main__ - INFO - Voice libraries successfully imported. Server-side voice features enabled.
2025-05-09 14:59:37,561 - comtypes.client._code_cache - INFO - Imported existing <module 'comtypes.gen' from 'C:\\Users\\vrfr9\\chatbot_project\\venv\\Lib\\site-packages\\comtypes\\gen\\__init__.py'>
2025-05-09 14:59:37,561 - comtypes.client._code_cache - INFO - Using writeable comtypes cache directory: 'C:\Users\vrfr9\chatbot_project\venv\Lib\site-packages\comtypes\gen'
2025-05-09 14:59:37,898 - __main__ - INFO - Voice engines initialized successfully
2025-05-09 14:59:37,916 - werkzeug - WARNING -  * Debugger is active!
2025-05-09 14:59:37,929 - werkzeug - INFO -  * Debugger PIN: 554-865-809
2025-05-09 14:59:38,261 - werkzeug - INFO -  * Running on http://127.0.0.1:5000/ (Press CTRL+C to quit)
2025-05-09 14:59:41,258 - werkzeug - INFO -  * Detected change in 'C:\\Users\\vrfr9\\chatbot_project\\chatbot\\ml_engine.py', reloading
2025-05-09 14:59:46,581 - werkzeug - INFO -  * Restarting with stat
2025-05-09 14:59:49,745 - chatbot - INFO - Initializing chatbot module
2025-05-09 14:59:49,746 - chatbot - INFO - Successfully loaded memory from file
2025-05-09 14:59:49,746 - chatbot - INFO - Successfully loaded bot name: Wicked
2025-05-09 14:59:49,787 - __main__ - INFO - Voice libraries successfully imported. Server-side voice features enabled.
2025-05-09 14:59:49,855 - comtypes.client._code_cache - INFO - Imported existing <module 'comtypes.gen' from 'C:\\Users\\vrfr9\\chatbot_project\\venv\\Lib\\site-packages\\comtypes\\gen\\__init__.py'>
2025-05-09 14:59:49,856 - comtypes.client._code_cache - INFO - Using writeable comtypes cache directory: 'C:\Users\vrfr9\chatbot_project\venv\Lib\site-packages\comtypes\gen'
2025-05-09 14:59:50,147 - __main__ - INFO - Voice engines initialized successfully
2025-05-09 14:59:50,165 - werkzeug - WARNING -  * Debugger is active!
2025-05-09 14:59:50,183 - werkzeug - INFO -  * Debugger PIN: 554-865-809
2025-05-09 14:59:50,592 - werkzeug - INFO -  * Running on http://127.0.0.1:5000/ (Press CTRL+C to quit)
2025-05-09 14:59:57,860 - werkzeug - INFO -  * Detected change in 'C:\\Users\\vrfr9\\chatbot_project\\chatbot\\ml_engine.py', reloading
2025-05-09 15:00:03,260 - werkzeug - INFO -  * Restarting with stat
2025-05-09 15:00:07,002 - chatbot - INFO - Initializing chatbot module
2025-05-09 15:00:07,003 - chatbot - INFO - Successfully loaded memory from file
2025-05-09 15:00:07,004 - chatbot - INFO - Successfully loaded bot name: Wicked
2025-05-09 15:00:07,048 - __main__ - INFO - Voice libraries successfully imported. Server-side voice features enabled.
2025-05-09 15:00:07,156 - comtypes.client._code_cache - INFO - Imported existing <module 'comtypes.gen' from 'C:\\Users\\vrfr9\\chatbot_project\\venv\\Lib\\site-packages\\comtypes\\gen\\__init__.py'>
2025-05-09 15:00:07,157 - comtypes.client._code_cache - INFO - Using writeable comtypes cache directory: 'C:\Users\vrfr9\chatbot_project\venv\Lib\site-packages\comtypes\gen'
2025-05-09 15:00:07,568 - __main__ - INFO - Voice engines initialized successfully
2025-05-09 15:00:07,585 - werkzeug - WARNING -  * Debugger is active!
2025-05-09 15:00:07,596 - werkzeug - INFO -  * Debugger PIN: 554-865-809
2025-05-09 15:00:07,983 - werkzeug - INFO -  * Running on http://127.0.0.1:5000/ (Press CTRL+C to quit)
2025-05-09 15:00:38,088 - werkzeug - INFO -  * Detected change in 'C:\\Users\\vrfr9\\chatbot_project\\chatbot\\ml_engine.py', reloading
2025-05-09 15:00:43,418 - werkzeug - INFO -  * Restarting with stat
2025-05-09 15:00:46,099 - chatbot - INFO - Initializing chatbot module
2025-05-09 15:00:46,100 - chatbot - INFO - Successfully loaded memory from file
2025-05-09 15:00:46,100 - chatbot - INFO - Successfully loaded bot name: Wicked
2025-05-09 15:00:46,138 - __main__ - INFO - Voice libraries successfully imported. Server-side voice features enabled.
2025-05-09 15:00:46,201 - comtypes.client._code_cache - INFO - Imported existing <module 'comtypes.gen' from 'C:\\Users\\vrfr9\\chatbot_project\\venv\\Lib\\site-packages\\comtypes\\gen\\__init__.py'>
2025-05-09 15:00:46,201 - comtypes.client._code_cache - INFO - Using writeable comtypes cache directory: 'C:\Users\vrfr9\chatbot_project\venv\Lib\site-packages\comtypes\gen'
2025-05-09 15:00:46,483 - __main__ - INFO - Voice engines initialized successfully
2025-05-09 15:00:46,496 - werkzeug - WARNING -  * Debugger is active!
2025-05-09 15:00:46,504 - werkzeug - INFO -  * Debugger PIN: 554-865-809
2025-05-09 15:00:46,811 - werkzeug - INFO -  * Running on http://127.0.0.1:5000/ (Press CTRL+C to quit)
2025-05-09 15:02:51,289 - werkzeug - INFO -  * Detected change in 'C:\\Users\\vrfr9\\chatbot_project\\chatbot\\chatbot.py', reloading
2025-05-09 15:02:56,656 - werkzeug - INFO -  * Restarting with stat
2025-05-09 15:03:00,346 - chatbot - INFO - Initializing chatbot module
2025-05-09 15:03:00,348 - chatbot - INFO - Successfully loaded memory from file
2025-05-09 15:03:00,349 - chatbot - INFO - Successfully loaded bot name: Wicked
2025-05-09 15:03:00,422 - __main__ - INFO - Voice libraries successfully imported. Server-side voice features enabled.
2025-05-09 15:03:00,524 - comtypes.client._code_cache - INFO - Imported existing <module 'comtypes.gen' from 'C:\\Users\\vrfr9\\chatbot_project\\venv\\Lib\\site-packages\\comtypes\\gen\\__init__.py'>
2025-05-09 15:03:00,525 - comtypes.client._code_cache - INFO - Using writeable comtypes cache directory: 'C:\Users\vrfr9\chatbot_project\venv\Lib\site-packages\comtypes\gen'
2025-05-09 15:03:00,858 - __main__ - INFO - Voice engines initialized successfully
2025-05-09 15:03:00,872 - werkzeug - WARNING -  * Debugger is active!
2025-05-09 15:03:00,881 - werkzeug - INFO -  * Debugger PIN: 554-865-809
2025-05-09 15:03:01,192 - werkzeug - INFO -  * Running on http://127.0.0.1:5000/ (Press CTRL+C to quit)
2025-05-09 15:03:05,466 - werkzeug - INFO -  * Detected change in 'C:\\Users\\vrfr9\\chatbot_project\\chatbot\\chatbot.py', reloading
2025-05-09 15:03:10,880 - werkzeug - INFO -  * Restarting with stat
2025-05-09 15:03:14,162 - chatbot - INFO - Initializing chatbot module
2025-05-09 15:03:14,163 - chatbot - INFO - Successfully loaded memory from file
2025-05-09 15:03:14,164 - chatbot - INFO - Successfully loaded bot name: Wicked
2025-05-09 15:03:14,199 - __main__ - INFO - Voice libraries successfully imported. Server-side voice features enabled.
2025-05-09 15:03:14,261 - comtypes.client._code_cache - INFO - Imported existing <module 'comtypes.gen' from 'C:\\Users\\vrfr9\\chatbot_project\\venv\\Lib\\site-packages\\comtypes\\gen\\__init__.py'>
2025-05-09 15:03:14,261 - comtypes.client._code_cache - INFO - Using writeable comtypes cache directory: 'C:\Users\vrfr9\chatbot_project\venv\Lib\site-packages\comtypes\gen'
2025-05-09 15:03:14,522 - __main__ - INFO - Voice engines initialized successfully
2025-05-09 15:03:14,535 - werkzeug - WARNING -  * Debugger is active!
2025-05-09 15:03:14,543 - werkzeug - INFO -  * Debugger PIN: 554-865-809
2025-05-09 15:03:14,854 - werkzeug - INFO -  * Running on http://127.0.0.1:5000/ (Press CTRL+C to quit)
2025-05-09 15:04:23,773 - werkzeug - INFO -  * Detected change in 'C:\\Users\\vrfr9\\chatbot_project\\chatbot\\chatbot.py', reloading
2025-05-09 15:04:29,133 - werkzeug - INFO -  * Restarting with stat
2025-05-09 15:04:31,898 - chatbot - INFO - Initializing chatbot module
2025-05-09 15:04:31,899 - chatbot - INFO - Successfully loaded memory from file
2025-05-09 15:04:31,900 - chatbot - INFO - Successfully loaded bot name: Wicked
2025-05-09 15:04:31,937 - __main__ - INFO - Voice libraries successfully imported. Server-side voice features enabled.
2025-05-09 15:04:32,013 - comtypes.client._code_cache - INFO - Imported existing <module 'comtypes.gen' from 'C:\\Users\\vrfr9\\chatbot_project\\venv\\Lib\\site-packages\\comtypes\\gen\\__init__.py'>
2025-05-09 15:04:32,013 - comtypes.client._code_cache - INFO - Using writeable comtypes cache directory: 'C:\Users\vrfr9\chatbot_project\venv\Lib\site-packages\comtypes\gen'
2025-05-09 15:04:32,332 - __main__ - INFO - Voice engines initialized successfully
2025-05-09 15:04:32,350 - werkzeug - WARNING -  * Debugger is active!
2025-05-09 15:04:32,362 - werkzeug - INFO -  * Debugger PIN: 554-865-809
2025-05-09 15:04:32,713 - werkzeug - INFO -  * Running on http://127.0.0.1:5000/ (Press CTRL+C to quit)
2025-05-09 15:05:00,578 - werkzeug - INFO -  * Detected change in 'C:\\Users\\vrfr9\\chatbot_project\\chatbot\\chatbot.py', reloading
2025-05-09 15:05:05,925 - werkzeug - INFO -  * Restarting with stat
2025-05-09 15:05:08,528 - chatbot - INFO - Initializing chatbot module
2025-05-09 15:05:08,529 - chatbot - INFO - Successfully loaded memory from file
2025-05-09 15:05:08,529 - chatbot - INFO - Successfully loaded bot name: Wicked
2025-05-09 15:05:08,562 - __main__ - INFO - Voice libraries successfully imported. Server-side voice features enabled.
2025-05-09 15:05:08,626 - comtypes.client._code_cache - INFO - Imported existing <module 'comtypes.gen' from 'C:\\Users\\vrfr9\\chatbot_project\\venv\\Lib\\site-packages\\comtypes\\gen\\__init__.py'>
2025-05-09 15:05:08,626 - comtypes.client._code_cache - INFO - Using writeable comtypes cache directory: 'C:\Users\vrfr9\chatbot_project\venv\Lib\site-packages\comtypes\gen'
2025-05-09 15:05:08,889 - __main__ - INFO - Voice engines initialized successfully
2025-05-09 15:05:08,902 - werkzeug - WARNING -  * Debugger is active!
2025-05-09 15:05:08,910 - werkzeug - INFO -  * Debugger PIN: 554-865-809
2025-05-09 15:05:09,194 - werkzeug - INFO -  * Running on http://127.0.0.1:5000/ (Press CTRL+C to quit)
2025-05-09 15:11:28,818 - werkzeug - INFO -  * Detected change in 'C:\\Users\\vrfr9\\chatbot_project\\chatbot\\chatbot.py', reloading
2025-05-09 15:11:34,147 - werkzeug - INFO -  * Restarting with stat
2025-05-09 15:18:25,867 - chatbot - INFO - Initializing chatbot module
2025-05-09 15:18:25,868 - chatbot - INFO - Successfully loaded memory from file
2025-05-09 15:18:25,868 - chatbot - INFO - Successfully loaded bot name: Wicked
2025-05-09 15:18:25,911 - __main__ - INFO - Voice libraries successfully imported. Server-side voice features enabled.
2025-05-09 15:18:25,989 - comtypes.client._code_cache - INFO - Imported existing <module 'comtypes.gen' from 'C:\\Users\\vrfr9\\chatbot_project\\venv\\Lib\\site-packages\\comtypes\\gen\\__init__.py'>
2025-05-09 15:18:25,990 - comtypes.client._code_cache - INFO - Using writeable comtypes cache directory: 'C:\Users\vrfr9\chatbot_project\venv\Lib\site-packages\comtypes\gen'
2025-05-09 15:18:26,297 - __main__ - INFO - Voice engines initialized successfully
2025-05-09 15:18:26,321 - werkzeug - INFO -  * Restarting with stat
2025-05-09 15:18:28,912 - chatbot - INFO - Initializing chatbot module
2025-05-09 15:18:28,913 - chatbot - INFO - Successfully loaded memory from file
2025-05-09 15:18:28,913 - chatbot - INFO - Successfully loaded bot name: Wicked
2025-05-09 15:18:28,947 - __main__ - INFO - Voice libraries successfully imported. Server-side voice features enabled.
2025-05-09 15:18:29,009 - comtypes.client._code_cache - INFO - Imported existing <module 'comtypes.gen' from 'C:\\Users\\vrfr9\\chatbot_project\\venv\\Lib\\site-packages\\comtypes\\gen\\__init__.py'>
2025-05-09 15:18:29,010 - comtypes.client._code_cache - INFO - Using writeable comtypes cache directory: 'C:\Users\vrfr9\chatbot_project\venv\Lib\site-packages\comtypes\gen'
2025-05-09 15:18:29,268 - __main__ - INFO - Voice engines initialized successfully
2025-05-09 15:18:29,281 - werkzeug - WARNING -  * Debugger is active!
2025-05-09 15:18:29,291 - werkzeug - INFO -  * Debugger PIN: 554-865-809
2025-05-09 15:18:29,595 - werkzeug - INFO -  * Running on http://127.0.0.1:5000/ (Press CTRL+C to quit)
2025-05-09 15:21:23,789 - chatbot - INFO - Initializing chatbot module
2025-05-09 15:21:23,790 - chatbot - INFO - Successfully loaded memory from file
2025-05-09 15:21:23,790 - chatbot - INFO - Successfully loaded bot name: Wicked
2025-05-09 15:21:23,825 - __main__ - INFO - Voice libraries successfully imported. Server-side voice features enabled.
2025-05-09 15:21:23,891 - comtypes.client._code_cache - INFO - Imported existing <module 'comtypes.gen' from 'C:\\Users\\vrfr9\\chatbot_project\\venv\\Lib\\site-packages\\comtypes\\gen\\__init__.py'>
2025-05-09 15:21:23,891 - comtypes.client._code_cache - INFO - Using writeable comtypes cache directory: 'C:\Users\vrfr9\chatbot_project\venv\Lib\site-packages\comtypes\gen'
2025-05-09 15:21:24,160 - __main__ - INFO - Voice engines initialized successfully
2025-05-09 15:21:24,179 - werkzeug - INFO -  * Restarting with stat
2025-05-09 15:21:26,784 - chatbot - INFO - Initializing chatbot module
2025-05-09 15:21:26,785 - chatbot - INFO - Successfully loaded memory from file
2025-05-09 15:21:26,785 - chatbot - INFO - Successfully loaded bot name: Wicked
2025-05-09 15:21:26,818 - __main__ - INFO - Voice libraries successfully imported. Server-side voice features enabled.
2025-05-09 15:21:26,879 - comtypes.client._code_cache - INFO - Imported existing <module 'comtypes.gen' from 'C:\\Users\\vrfr9\\chatbot_project\\venv\\Lib\\site-packages\\comtypes\\gen\\__init__.py'>
2025-05-09 15:21:26,880 - comtypes.client._code_cache - INFO - Using writeable comtypes cache directory: 'C:\Users\vrfr9\chatbot_project\venv\Lib\site-packages\comtypes\gen'
2025-05-09 15:21:27,143 - __main__ - INFO - Voice engines initialized successfully
2025-05-09 15:21:27,162 - werkzeug - WARNING -  * Debugger is active!
2025-05-09 15:21:27,171 - werkzeug - INFO -  * Debugger PIN: 554-865-809
2025-05-09 15:21:27,500 - werkzeug - INFO -  * Running on http://127.0.0.1:5000/ (Press CTRL+C to quit)
2025-05-09 15:21:39,440 - werkzeug - INFO - 127.0.0.1 - - [09/May/2025 15:21:39] "GET / HTTP/1.1" 200 -
2025-05-09 15:21:44,978 - chatbot.ml - INFO - NLTK modules imported successfully
2025-05-09 15:21:44,980 - chatbot.ml - INFO - Model loaded from C:\Users\vrfr9\chatbot_project\chatbot\..\data\intent_model.pkl with 10 intent classes
2025-05-09 15:21:47,438 - werkzeug - INFO - 127.0.0.1 - - [09/May/2025 15:21:47] "POST /chat HTTP/1.1" 200 -
2025-05-09 15:22:21,679 - werkzeug - INFO - 127.0.0.1 - - [09/May/2025 15:22:21] "POST /chat HTTP/1.1" 200 -
2025-05-10 16:21:12,476 - werkzeug - INFO -  * Detected change in 'C:\\Users\\vrfr9\\chatbot_project\\feedback_system.py', reloading
2025-05-10 16:21:17,212 - werkzeug - INFO -  * Restarting with stat
2025-05-10 16:21:35,337 - chatbot - INFO - Initializing chatbot module
2025-05-10 16:21:35,339 - chatbot - INFO - Successfully loaded memory from file
2025-05-10 16:21:35,340 - chatbot - INFO - Successfully loaded bot name: Wicked
2025-05-10 16:21:35,526 - __main__ - INFO - Voice libraries successfully imported. Server-side voice features enabled.
2025-05-10 16:21:35,856 - comtypes.client._code_cache - INFO - Imported existing <module 'comtypes.gen' from 'C:\\Users\\vrfr9\\chatbot_project\\venv\\Lib\\site-packages\\comtypes\\gen\\__init__.py'>
2025-05-10 16:21:35,857 - comtypes.client._code_cache - INFO - Using writeable comtypes cache directory: 'C:\Users\vrfr9\chatbot_project\venv\Lib\site-packages\comtypes\gen'
2025-05-10 16:21:36,848 - __main__ - INFO - Voice engines initialized successfully
2025-05-10 16:21:36,908 - werkzeug - WARNING -  * Debugger is active!
2025-05-10 16:21:36,926 - werkzeug - INFO -  * Debugger PIN: 554-865-809
2025-05-10 16:21:37,548 - werkzeug - INFO -  * Running on http://127.0.0.1:5000/ (Press CTRL+C to quit)
2025-05-10 16:22:32,110 - werkzeug - INFO -  * Detected change in 'C:\\Users\\vrfr9\\chatbot_project\\app.py', reloading
2025-05-10 16:22:37,559 - werkzeug - INFO -  * Restarting with stat
2025-05-10 16:22:42,314 - chatbot - INFO - Initializing chatbot module
2025-05-10 16:22:42,315 - chatbot - INFO - Successfully loaded memory from file
2025-05-10 16:22:42,316 - chatbot - INFO - Successfully loaded bot name: Wicked
2025-05-10 16:22:42,361 - __main__ - INFO - Voice libraries successfully imported. Server-side voice features enabled.
2025-05-10 16:22:42,443 - comtypes.client._code_cache - INFO - Imported existing <module 'comtypes.gen' from 'C:\\Users\\vrfr9\\chatbot_project\\venv\\Lib\\site-packages\\comtypes\\gen\\__init__.py'>
2025-05-10 16:22:42,443 - comtypes.client._code_cache - INFO - Using writeable comtypes cache directory: 'C:\Users\vrfr9\chatbot_project\venv\Lib\site-packages\comtypes\gen'
2025-05-10 16:22:42,866 - __main__ - INFO - Voice engines initialized successfully
2025-05-10 16:22:42,892 - werkzeug - WARNING -  * Debugger is active!
2025-05-10 16:22:42,904 - werkzeug - INFO -  * Debugger PIN: 554-865-809
2025-05-10 16:22:43,371 - werkzeug - INFO -  * Running on http://127.0.0.1:5000/ (Press CTRL+C to quit)
2025-05-10 16:22:45,143 - werkzeug - INFO -  * Detected change in 'C:\\Users\\vrfr9\\chatbot_project\\app.py', reloading
2025-05-10 16:22:50,604 - werkzeug - INFO -  * Restarting with stat
2025-05-10 16:22:54,564 - chatbot - INFO - Initializing chatbot module
2025-05-10 16:22:54,565 - chatbot - INFO - Successfully loaded memory from file
2025-05-10 16:22:54,567 - chatbot - INFO - Successfully loaded bot name: Wicked
2025-05-10 16:22:54,615 - __main__ - INFO - Voice libraries successfully imported. Server-side voice features enabled.
2025-05-10 16:22:54,717 - comtypes.client._code_cache - INFO - Imported existing <module 'comtypes.gen' from 'C:\\Users\\vrfr9\\chatbot_project\\venv\\Lib\\site-packages\\comtypes\\gen\\__init__.py'>
2025-05-10 16:22:54,718 - comtypes.client._code_cache - INFO - Using writeable comtypes cache directory: 'C:\Users\vrfr9\chatbot_project\venv\Lib\site-packages\comtypes\gen'
2025-05-10 16:22:55,130 - __main__ - INFO - Voice engines initialized successfully
2025-05-10 16:22:55,151 - werkzeug - WARNING -  * Debugger is active!
2025-05-10 16:22:55,166 - werkzeug - INFO -  * Debugger PIN: 554-865-809
2025-05-10 16:22:55,752 - werkzeug - INFO -  * Running on http://127.0.0.1:5000/ (Press CTRL+C to quit)
2025-05-10 16:27:04,133 - werkzeug - INFO -  * Detected change in 'C:\\Users\\vrfr9\\chatbot_project\\model_training.py', reloading
2025-05-10 16:27:04,673 - werkzeug - INFO -  * Restarting with stat
2025-05-10 16:27:10,009 - chatbot - INFO - Initializing chatbot module
2025-05-10 16:27:10,011 - chatbot - INFO - Successfully loaded memory from file
2025-05-10 16:27:10,013 - chatbot - INFO - Successfully loaded bot name: Wicked
2025-05-10 16:27:10,099 - __main__ - INFO - Voice libraries successfully imported. Server-side voice features enabled.
2025-05-10 16:27:10,263 - comtypes.client._code_cache - INFO - Imported existing <module 'comtypes.gen' from 'C:\\Users\\vrfr9\\chatbot_project\\venv\\Lib\\site-packages\\comtypes\\gen\\__init__.py'>
2025-05-10 16:27:10,264 - comtypes.client._code_cache - INFO - Using writeable comtypes cache directory: 'C:\Users\vrfr9\chatbot_project\venv\Lib\site-packages\comtypes\gen'
2025-05-10 16:27:10,697 - __main__ - INFO - Voice engines initialized successfully
2025-05-10 16:27:10,723 - werkzeug - WARNING -  * Debugger is active!
2025-05-10 16:27:10,738 - werkzeug - INFO -  * Debugger PIN: 554-865-809
2025-05-10 16:27:11,360 - werkzeug - INFO -  * Running on http://127.0.0.1:5000/ (Press CTRL+C to quit)
2025-05-10 16:27:36,337 - werkzeug - INFO -  * Detected change in 'C:\\Users\\vrfr9\\chatbot_project\\scheduled_training.py', reloading
2025-05-10 16:27:41,734 - werkzeug - INFO -  * Restarting with stat
2025-05-10 16:27:45,121 - chatbot - INFO - Initializing chatbot module
2025-05-10 16:27:45,122 - chatbot - INFO - Successfully loaded memory from file
2025-05-10 16:27:45,123 - chatbot - INFO - Successfully loaded bot name: Wicked
2025-05-10 16:27:45,163 - __main__ - INFO - Voice libraries successfully imported. Server-side voice features enabled.
2025-05-10 16:27:45,238 - comtypes.client._code_cache - INFO - Imported existing <module 'comtypes.gen' from 'C:\\Users\\vrfr9\\chatbot_project\\venv\\Lib\\site-packages\\comtypes\\gen\\__init__.py'>
2025-05-10 16:27:45,238 - comtypes.client._code_cache - INFO - Using writeable comtypes cache directory: 'C:\Users\vrfr9\chatbot_project\venv\Lib\site-packages\comtypes\gen'
2025-05-10 16:27:45,549 - __main__ - INFO - Voice engines initialized successfully
2025-05-10 16:27:45,564 - werkzeug - WARNING -  * Debugger is active!
2025-05-10 16:27:45,574 - werkzeug - INFO -  * Debugger PIN: 554-865-809
2025-05-10 16:27:45,942 - werkzeug - INFO -  * Running on http://127.0.0.1:5000/ (Press CTRL+C to quit)
2025-05-10 16:28:02,545 - werkzeug - INFO -  * Detected change in 'C:\\Users\\vrfr9\\chatbot_project\\chatbot\\entity_extraction.py', reloading
2025-05-10 16:28:07,946 - werkzeug - INFO -  * Restarting with stat
2025-05-10 16:28:10,792 - chatbot - INFO - Initializing chatbot module
2025-05-10 16:28:10,793 - chatbot - INFO - Successfully loaded memory from file
2025-05-10 16:28:10,794 - chatbot - INFO - Successfully loaded bot name: Wicked
2025-05-10 16:28:10,840 - __main__ - INFO - Voice libraries successfully imported. Server-side voice features enabled.
2025-05-10 16:28:10,923 - comtypes.client._code_cache - INFO - Imported existing <module 'comtypes.gen' from 'C:\\Users\\vrfr9\\chatbot_project\\venv\\Lib\\site-packages\\comtypes\\gen\\__init__.py'>
2025-05-10 16:28:10,924 - comtypes.client._code_cache - INFO - Using writeable comtypes cache directory: 'C:\Users\vrfr9\chatbot_project\venv\Lib\site-packages\comtypes\gen'
2025-05-10 16:28:11,298 - __main__ - INFO - Voice engines initialized successfully
2025-05-10 16:28:11,317 - werkzeug - WARNING -  * Debugger is active!
2025-05-10 16:28:11,329 - werkzeug - INFO -  * Debugger PIN: 554-865-809
2025-05-10 16:28:11,698 - werkzeug - INFO -  * Running on http://127.0.0.1:5000/ (Press CTRL+C to quit)
2025-05-10 16:30:27,936 - werkzeug - INFO -  * Detected change in 'C:\\Users\\vrfr9\\chatbot_project\\chatbot\\transformers_engine.py', reloading
2025-05-10 16:30:33,345 - werkzeug - INFO -  * Restarting with stat
2025-05-10 16:30:36,519 - chatbot - INFO - Initializing chatbot module
2025-05-10 16:30:36,520 - chatbot - INFO - Successfully loaded memory from file
2025-05-10 16:30:36,520 - chatbot - INFO - Successfully loaded bot name: Wicked
2025-05-10 16:30:36,554 - __main__ - INFO - Voice libraries successfully imported. Server-side voice features enabled.
2025-05-10 16:30:36,620 - comtypes.client._code_cache - INFO - Imported existing <module 'comtypes.gen' from 'C:\\Users\\vrfr9\\chatbot_project\\venv\\Lib\\site-packages\\comtypes\\gen\\__init__.py'>
2025-05-10 16:30:36,621 - comtypes.client._code_cache - INFO - Using writeable comtypes cache directory: 'C:\Users\vrfr9\chatbot_project\venv\Lib\site-packages\comtypes\gen'
2025-05-10 16:30:36,899 - __main__ - INFO - Voice engines initialized successfully
2025-05-10 16:30:36,913 - werkzeug - WARNING -  * Debugger is active!
2025-05-10 16:30:36,922 - werkzeug - INFO -  * Debugger PIN: 554-865-809
2025-05-10 16:30:37,215 - werkzeug - INFO -  * Running on http://127.0.0.1:5000/ (Press CTRL+C to quit)
2025-05-10 16:31:20,466 - werkzeug - INFO -  * Detected change in 'C:\\Users\\vrfr9\\chatbot_project\\advanced_integration.py', reloading
2025-05-10 16:31:25,763 - werkzeug - INFO -  * Restarting with stat
2025-05-10 16:31:28,632 - chatbot - INFO - Initializing chatbot module
2025-05-10 16:31:28,633 - chatbot - INFO - Successfully loaded memory from file
2025-05-10 16:31:28,633 - chatbot - INFO - Successfully loaded bot name: Wicked
2025-05-10 16:31:28,666 - __main__ - INFO - Voice libraries successfully imported. Server-side voice features enabled.
2025-05-10 16:31:28,727 - comtypes.client._code_cache - INFO - Imported existing <module 'comtypes.gen' from 'C:\\Users\\vrfr9\\chatbot_project\\venv\\Lib\\site-packages\\comtypes\\gen\\__init__.py'>
2025-05-10 16:31:28,727 - comtypes.client._code_cache - INFO - Using writeable comtypes cache directory: 'C:\Users\vrfr9\chatbot_project\venv\Lib\site-packages\comtypes\gen'
2025-05-10 16:31:29,008 - __main__ - INFO - Voice engines initialized successfully
2025-05-10 16:31:29,024 - werkzeug - WARNING -  * Debugger is active!
2025-05-10 16:31:29,033 - werkzeug - INFO -  * Debugger PIN: 554-865-809
2025-05-10 16:31:29,376 - werkzeug - INFO -  * Running on http://127.0.0.1:5000/ (Press CTRL+C to quit)
2025-05-10 16:31:55,840 - werkzeug - INFO -  * Detected change in 'C:\\Users\\vrfr9\\chatbot_project\\deploy.py', reloading
2025-05-10 16:32:01,287 - werkzeug - INFO -  * Restarting with stat
2025-05-10 16:32:04,459 - chatbot - INFO - Initializing chatbot module
2025-05-10 16:32:04,460 - chatbot - INFO - Successfully loaded memory from file
2025-05-10 16:32:04,461 - chatbot - INFO - Successfully loaded bot name: Wicked
2025-05-10 16:32:04,509 - __main__ - INFO - Voice libraries successfully imported. Server-side voice features enabled.
2025-05-10 16:32:04,594 - comtypes.client._code_cache - INFO - Imported existing <module 'comtypes.gen' from 'C:\\Users\\vrfr9\\chatbot_project\\venv\\Lib\\site-packages\\comtypes\\gen\\__init__.py'>
2025-05-10 16:32:04,595 - comtypes.client._code_cache - INFO - Using writeable comtypes cache directory: 'C:\Users\vrfr9\chatbot_project\venv\Lib\site-packages\comtypes\gen'
2025-05-10 16:32:04,956 - __main__ - INFO - Voice engines initialized successfully
2025-05-10 16:32:04,974 - werkzeug - WARNING -  * Debugger is active!
2025-05-10 16:32:04,985 - werkzeug - INFO -  * Debugger PIN: 554-865-809
2025-05-10 16:32:05,359 - werkzeug - INFO -  * Running on http://127.0.0.1:5000/ (Press CTRL+C to quit)
2025-05-10 16:32:31,297 - werkzeug - INFO -  * Detected change in 'C:\\Users\\vrfr9\\chatbot_project\\monitoring_dashboard.py', reloading
2025-05-10 16:32:36,713 - werkzeug - INFO -  * Restarting with stat
2025-05-10 16:32:39,657 - chatbot - INFO - Initializing chatbot module
2025-05-10 16:32:39,658 - chatbot - INFO - Successfully loaded memory from file
2025-05-10 16:32:39,659 - chatbot - INFO - Successfully loaded bot name: Wicked
2025-05-10 16:32:39,695 - __main__ - INFO - Voice libraries successfully imported. Server-side voice features enabled.
2025-05-10 16:32:39,768 - comtypes.client._code_cache - INFO - Imported existing <module 'comtypes.gen' from 'C:\\Users\\vrfr9\\chatbot_project\\venv\\Lib\\site-packages\\comtypes\\gen\\__init__.py'>
2025-05-10 16:32:39,768 - comtypes.client._code_cache - INFO - Using writeable comtypes cache directory: 'C:\Users\vrfr9\chatbot_project\venv\Lib\site-packages\comtypes\gen'
2025-05-10 16:32:40,065 - __main__ - INFO - Voice engines initialized successfully
2025-05-10 16:32:40,081 - werkzeug - WARNING -  * Debugger is active!
2025-05-10 16:32:40,091 - werkzeug - INFO -  * Debugger PIN: 554-865-809
2025-05-10 16:32:40,492 - werkzeug - INFO -  * Running on http://127.0.0.1:5000/ (Press CTRL+C to quit)
2025-05-10 16:32:41,168 - werkzeug - INFO - 127.0.0.1 - - [10/May/2025 16:32:41] "GET / HTTP/1.1" 200 -
